{"C:\\Users\\MerijnTiebie\\Documents\\Repos\\Kata_SpinningWords\\src\\template.js": {"path":"C:\\Users\\MerijnTiebie\\Documents\\Repos\\Kata_SpinningWords\\src\\template.js","statementMap":{"0":{"start":{"line":2,"column":4},"end":{"line":2,"column":28}},"1":{"start":{"line":5,"column":0},"end":{"line":5,"column":30}}},"fnMap":{"0":{"name":"splitMyString","decl":{"start":{"line":1,"column":9},"end":{"line":1,"column":22}},"loc":{"start":{"line":1,"column":31},"end":{"line":3,"column":1}},"line":1}},"branchMap":{},"s":{"0":2,"1":1},"f":{"0":2},"b":{},"_coverageSchema":"1a1c01bbd47fc00a2c39e90264f33305004495a9","hash":"04fefa4f9b18cf982b50fcf4c5d3f7fd08e8ec50"}
}
