{"C:\\Users\\MerijnTiebie\\Documents\\Repos\\Kata_SpinningWords\\src\\template.js": {"path":"C:\\Users\\MerijnTiebie\\Documents\\Repos\\Kata_SpinningWords\\src\\template.js","statementMap":{"0":{"start":{"line":2,"column":4},"end":{"line":2,"column":28}},"1":{"start":{"line":6,"column":4},"end":{"line":6,"column":27}},"2":{"start":{"line":10,"column":31},"end":{"line":10,"column":45}},"3":{"start":{"line":11,"column":39},"end":{"line":11,"column":69}},"4":{"start":{"line":12,"column":23},"end":{"line":12,"column":60}},"5":{"start":{"line":13,"column":4},"end":{"line":13,"column":23}},"6":{"start":{"line":17,"column":16},"end":{"line":17,"column":39}},"7":{"start":{"line":18,"column":29},"end":{"line":18,"column":31}},"8":{"start":{"line":19,"column":4},"end":{"line":25,"column":5}},"9":{"start":{"line":19,"column":21},"end":{"line":19,"column":22}},"10":{"start":{"line":20,"column":21},"end":{"line":20,"column":33}},"11":{"start":{"line":21,"column":8},"end":{"line":24,"column":47}},"12":{"start":{"line":22,"column":31},"end":{"line":22,"column":47}},"13":{"start":{"line":23,"column":12},"end":{"line":23,"column":50}},"14":{"start":{"line":24,"column":17},"end":{"line":24,"column":46}},"15":{"start":{"line":26,"column":22},"end":{"line":26,"column":50}},"16":{"start":{"line":27,"column":4},"end":{"line":27,"column":22}},"17":{"start":{"line":30,"column":0},"end":{"line":36,"column":1}}},"fnMap":{"0":{"name":"splitMyString","decl":{"start":{"line":1,"column":9},"end":{"line":1,"column":22}},"loc":{"start":{"line":1,"column":31},"end":{"line":3,"column":1}},"line":1},"1":{"name":"checkIfWordIsFiveOrMoreCharacters","decl":{"start":{"line":5,"column":9},"end":{"line":5,"column":42}},"loc":{"start":{"line":5,"column":49},"end":{"line":7,"column":1}},"line":5},"2":{"name":"spinMyWord","decl":{"start":{"line":9,"column":9},"end":{"line":9,"column":19}},"loc":{"start":{"line":9,"column":26},"end":{"line":14,"column":1}},"line":9},"3":{"name":"spinMyWords","decl":{"start":{"line":16,"column":9},"end":{"line":16,"column":20}},"loc":{"start":{"line":16,"column":31},"end":{"line":28,"column":1}},"line":16}},"branchMap":{"0":{"loc":{"start":{"line":21,"column":8},"end":{"line":24,"column":47}},"type":"if","locations":[{"start":{"line":21,"column":8},"end":{"line":24,"column":47}},{"start":{"line":24,"column":16},"end":{"line":24,"column":47}}],"line":21}},"s":{"0":3,"1":7,"2":3,"3":3,"4":3,"5":3,"6":1,"7":1,"8":1,"9":1,"10":3,"11":3,"12":2,"13":2,"14":1,"15":1,"16":1,"17":1},"f":{"0":3,"1":7,"2":3,"3":1},"b":{"0":[2,1]},"_coverageSchema":"1a1c01bbd47fc00a2c39e90264f33305004495a9","hash":"1fc69b94ec22d6970fd805af90394a6a913cd1d9"}
}
